\BOOKMARK [1][-]{section.1}{\376\377\000I\000n\000t\000r\000o\000d\000u\000c\000t\000i\000o\000n}{}% 1
\BOOKMARK [1][-]{section.2}{\376\377\000P\000r\000o\000b\000l\000e\000m\000\040\0001\000\050\000a\000\051\000:\000\040\000C\000o\000n\000t\000i\000n\000u\000o\000u\000s\000-\000T\000i\000m\000e\000\040\000S\000y\000s\000t\000e\000m\000s\000\040\040\024\000\040\000D\000i\000f\000f\000e\000r\000e\000n\000t\000i\000a\000l\000\040\000E\000q\000u\000a\000t\000i\000o\000n\000s}{}% 2
\BOOKMARK [2][-]{subsection.2.1}{\376\377\000M\000e\000t\000h\000o\000d\000o\000l\000o\000g\000y}{section.2}% 3
\BOOKMARK [2][-]{subsection.2.2}{\376\377\000E\000q\000u\000a\000t\000i\000o\000n\000\040\0001\000:\000\040\000d\000y\000/\000d\000t\000\040\000=\000\040\000t\0002}{section.2}% 4
\BOOKMARK [2][-]{subsection.2.3}{\376\377\000E\000q\000u\000a\000t\000i\000o\000n\000\040\0002\000:\000\040\000d\000y\000/\000d\000t\000\040\000=\000\040\000t\0002\000/\000y}{section.2}% 5
\BOOKMARK [2][-]{subsection.2.4}{\376\377\000E\000q\000u\000a\000t\000i\000o\000n\000\040\0003\000:\000\040\000d\000y\000/\000d\000t\000\040\000+\000\040\0002\000y\000/\000t\000\040\000=\000\040\000t\0004}{section.2}% 6
\BOOKMARK [2][-]{subsection.2.5}{\376\377\000V\000a\000n\000\040\000d\000e\000r\000\040\000P\000o\000l\000\040\000O\000s\000c\000i\000l\000l\000a\000t\000o\000r}{section.2}% 7
\BOOKMARK [2][-]{subsection.2.6}{\376\377\000S\000o\000l\000v\000e\000r\000\040\000C\000o\000m\000p\000a\000r\000i\000s\000o\000n}{section.2}% 8
\BOOKMARK [1][-]{section.3}{\376\377\000P\000r\000o\000b\000l\000e\000m\000\040\0001\000\050\000b\000\051\000:\000\040\000D\000i\000s\000c\000r\000e\000t\000e\000-\000T\000i\000m\000e\000\040\000S\000i\000g\000n\000a\000l\000\040\000P\000r\000o\000c\000e\000s\000s\000i\000n\000g\000\040\040\024\000\040\000Z\000-\000T\000r\000a\000n\000s\000f\000o\000r\000m\000\040\000A\000n\000a\000l\000y\000s\000i\000s}{}% 9
\BOOKMARK [2][-]{subsection.3.1}{\376\377\000Z\000-\000T\000r\000a\000n\000s\000f\000o\000r\000m\000\040\000M\000e\000t\000h\000o\000d\000o\000l\000o\000g\000y}{section.3}% 10
\BOOKMARK [2][-]{subsection.3.2}{\376\377\000D\000i\000f\000f\000e\000r\000e\000n\000c\000e\000\040\000E\000q\000u\000a\000t\000i\000o\000n\000\040\0001\000:\000\040\000y\000[\000n\000]\000\040\000=\000\040\0003\000x\000[\000n\000]\000\040\000+\000\040\000y\000[\000n\000-\0001\000]}{section.3}% 11
\BOOKMARK [2][-]{subsection.3.3}{\376\377\000D\000i\000f\000f\000e\000r\000e\000n\000c\000e\000\040\000E\000q\000u\000a\000t\000i\000o\000n\000\040\0002\000:\000\040\000y\000[\000n\000]\000\040\000=\000\040\0002\000x\000[\000n\000]\000\040\000+\000\040\0003\000x\000[\000n\000-\0001\000]\000\040\000+\000\040\000x\000[\000n\000-\0002\000]}{section.3}% 12
\BOOKMARK [2][-]{subsection.3.4}{\376\377\000S\000i\000m\000u\000l\000i\000n\000k\000\040\000I\000m\000p\000l\000e\000m\000e\000n\000t\000a\000t\000i\000o\000n}{section.3}% 13
\BOOKMARK [2][-]{subsection.3.5}{\376\377\000I\000I\000R\000\040\000v\000s\000\040\000F\000I\000R\000\040\000C\000o\000m\000p\000a\000r\000i\000s\000o\000n}{section.3}% 14
\BOOKMARK [1][-]{section.4}{\376\377\000C\000o\000n\000c\000l\000u\000s\000i\000o\000n}{}% 15
\BOOKMARK [1][-]{section.5}{\376\377\000P\000r\000o\000b\000l\000e\000m\000\040\0003\000:\000\040\000P\000o\000w\000e\000r\000\040\000E\000l\000e\000c\000t\000r\000o\000n\000i\000c\000\040\000C\000o\000n\000v\000e\000r\000t\000e\000r\000s\000\040\000f\000o\000r\000\040\000U\000K\000\040\000G\000r\000i\000d\000\040\000I\000n\000t\000e\000g\000r\000a\000t\000i\000o\000n}{}% 16
\BOOKMARK [2][-]{subsection.5.1}{\376\377\000D\000e\000s\000i\000g\000n\000\040\000P\000h\000i\000l\000o\000s\000o\000p\000h\000y\000\040\000a\000n\000d\000\040\000T\000e\000c\000h\000n\000o\000l\000o\000g\000y\000\040\000S\000e\000l\000e\000c\000t\000i\000o\000n}{section.5}% 17
\BOOKMARK [2][-]{subsection.5.2}{\376\377\000S\000i\000n\000g\000l\000e\000-\000P\000h\000a\000s\000e\000\040\000I\000n\000v\000e\000r\000t\000e\000r\000\040\000f\000o\000r\000\040\000U\000K\000\040\000D\000o\000m\000e\000s\000t\000i\000c\000\040\000S\000u\000p\000p\000l\000y\000\040\000\050\0002\0003\0000\000V\000\051}{section.5}% 18
\BOOKMARK [2][-]{subsection.5.3}{\376\377\000T\000h\000r\000e\000e\000-\000P\000h\000a\000s\000e\000\040\000I\000n\000v\000e\000r\000t\000e\000r\000\040\000f\000o\000r\000\040\000U\000K\000\040\000I\000n\000d\000u\000s\000t\000r\000i\000a\000l\000\040\000S\000u\000p\000p\000l\000y\000\040\000\050\0004\0000\0000\000V\000\051}{section.5}% 19
\BOOKMARK [2][-]{subsection.5.4}{\376\377\000M\000A\000T\000L\000A\000B\000/\000S\000i\000m\000u\000l\000i\000n\000k\000\040\000V\000a\000l\000i\000d\000a\000t\000i\000o\000n}{section.5}% 20
\BOOKMARK [2][-]{subsection.5.5}{\376\377\000H\000a\000r\000m\000o\000n\000i\000c\000\040\000A\000n\000a\000l\000y\000s\000i\000s\000\040\000a\000n\000d\000\040\000G\000r\000i\000d\000\040\000C\000o\000m\000p\000l\000i\000a\000n\000c\000e}{section.5}% 21
\BOOKMARK [2][-]{subsection.5.6}{\376\377\000S\000y\000s\000t\000e\000m\000\040\000L\000i\000m\000i\000t\000a\000t\000i\000o\000n\000s\000\040\000a\000n\000d\000\040\000I\000m\000p\000r\000o\000v\000e\000m\000e\000n\000t\000s}{section.5}% 22
\BOOKMARK [1][-]{section.6}{\376\377\000P\000r\000o\000b\000l\000e\000m\000\040\0004\000:\000\040\000H\000y\000b\000r\000i\000d\000\040\000D\000i\000s\000t\000r\000i\000b\000u\000t\000e\000d\000\040\000E\000n\000e\000r\000g\000y\000\040\000R\000e\000s\000o\000u\000r\000c\000e\000s\000\040\000f\000o\000r\000\040\000R\000e\000m\000o\000t\000e\000\040\000A\000p\000p\000l\000i\000c\000a\000t\000i\000o\000n\000s}{}% 23
\BOOKMARK [2][-]{subsection.6.1}{\376\377\000B\000a\000c\000k\000g\000r\000o\000u\000n\000d\000\040\000a\000n\000d\000\040\000S\000i\000t\000e\000\040\000S\000e\000l\000e\000c\000t\000i\000o\000n}{section.6}% 24
\BOOKMARK [3][-]{subsubsection.6.1.1}{\376\377\000G\000e\000o\000g\000r\000a\000p\000h\000i\000c\000\040\000a\000n\000d\000\040\000C\000l\000i\000m\000a\000t\000i\000c\000\040\000C\000o\000n\000d\000i\000t\000i\000o\000n\000s}{subsection.6.1}% 25
\BOOKMARK [3][-]{subsubsection.6.1.2}{\376\377\000J\000u\000s\000t\000i\000f\000i\000c\000a\000t\000i\000o\000n\000\040\000f\000o\000r\000\040\000H\000y\000b\000r\000i\000d\000\040\000D\000E\000R\000\040\000S\000o\000l\000u\000t\000i\000o\000n}{subsection.6.1}% 26
\BOOKMARK [2][-]{subsection.6.2}{\376\377\000S\000y\000s\000t\000e\000m\000\040\000D\000e\000s\000i\000g\000n\000\040\000a\000n\000d\000\040\000C\000o\000m\000p\000o\000n\000e\000n\000t\000\040\000S\000e\000l\000e\000c\000t\000i\000o\000n}{section.6}% 27
\BOOKMARK [3][-]{subsubsection.6.2.1}{\376\377\000C\000o\000m\000p\000o\000n\000e\000n\000t\000\040\000S\000p\000e\000c\000i\000f\000i\000c\000a\000t\000i\000o\000n\000s}{subsection.6.2}% 28
\BOOKMARK [3][-]{subsubsection.6.2.2}{\376\377\000S\000y\000s\000t\000e\000m\000\040\000A\000r\000c\000h\000i\000t\000e\000c\000t\000u\000r\000e\000\040\000a\000n\000d\000\040\000C\000o\000n\000t\000r\000o\000l\000\040\000S\000t\000r\000a\000t\000e\000g\000y}{subsection.6.2}% 29
\BOOKMARK [2][-]{subsection.6.3}{\376\377\000M\000A\000T\000L\000A\000B\000\040\000S\000i\000m\000u\000l\000a\000t\000i\000o\000n\000\040\000a\000n\000d\000\040\000P\000e\000r\000f\000o\000r\000m\000a\000n\000c\000e\000\040\000A\000n\000a\000l\000y\000s\000i\000s}{section.6}% 30
\BOOKMARK [3][-]{subsubsection.6.3.1}{\376\377\000S\000i\000m\000u\000l\000a\000t\000i\000o\000n\000\040\000M\000e\000t\000h\000o\000d\000o\000l\000o\000g\000y}{subsection.6.3}% 31
\BOOKMARK [3][-]{subsubsection.6.3.2}{\376\377\000A\000n\000n\000u\000a\000l\000\040\000E\000n\000e\000r\000g\000y\000\040\000P\000e\000r\000f\000o\000r\000m\000a\000n\000c\000e}{subsection.6.3}% 32
\BOOKMARK [2][-]{subsection.6.4}{\376\377\000E\000c\000o\000n\000o\000m\000i\000c\000\040\000A\000n\000a\000l\000y\000s\000i\000s\000\040\000a\000n\000d\000\040\000E\000n\000v\000i\000r\000o\000n\000m\000e\000n\000t\000a\000l\000\040\000I\000m\000p\000a\000c\000t}{section.6}% 33
\BOOKMARK [3][-]{subsubsection.6.4.1}{\376\377\000C\000a\000p\000i\000t\000a\000l\000\040\000I\000n\000v\000e\000s\000t\000m\000e\000n\000t\000\040\000a\000n\000d\000\040\000F\000i\000n\000a\000n\000c\000i\000a\000l\000\040\000M\000e\000t\000r\000i\000c\000s}{subsection.6.4}% 34
\BOOKMARK [3][-]{subsubsection.6.4.2}{\376\377\000E\000n\000v\000i\000r\000o\000n\000m\000e\000n\000t\000a\000l\000\040\000B\000e\000n\000e\000f\000i\000t\000s}{subsection.6.4}% 35
\BOOKMARK [2][-]{subsection.6.5}{\376\377\000L\000i\000m\000i\000t\000a\000t\000i\000o\000n\000s\000\040\000a\000n\000d\000\040\000R\000e\000c\000o\000m\000m\000e\000n\000d\000a\000t\000i\000o\000n\000s}{section.6}% 36
\BOOKMARK [3][-]{subsubsection.6.5.1}{\376\377\000S\000y\000s\000t\000e\000m\000\040\000L\000i\000m\000i\000t\000a\000t\000i\000o\000n\000s}{subsection.6.5}% 37
\BOOKMARK [3][-]{subsubsection.6.5.2}{\376\377\000R\000e\000c\000o\000m\000m\000e\000n\000d\000e\000d\000\040\000I\000m\000p\000r\000o\000v\000e\000m\000e\000n\000t\000s}{subsection.6.5}% 38
\BOOKMARK [2][-]{subsection.6.6}{\376\377\000C\000o\000n\000c\000l\000u\000s\000i\000o\000n}{section.6}% 39
\BOOKMARK [1][-]{section*.1}{\376\377\000R\000e\000f\000e\000r\000e\000n\000c\000e\000s}{}% 40
